<?xml version="1.0" encoding="UTF-8"?>
<!-- Generated by org.testng.reporters.JUnitReportReporter -->
<testsuite hostname="TARUNBANSALB077" name="TestPlans.SearchLocation" tests="2" failures="0" timestamp="29 Jun 2017 11:08:49 GMT" time="57.614" errors="0">
  <testcase name="SearchLocationandValidateResults" time="28.086" classname="TestPlans.SearchLocation"/>
  <testcase name="SearchLocationandValidateResults" time="29.528" classname="TestPlans.SearchLocation"/>
</testsuite> <!-- TestPlans.SearchLocation -->
